<?xml version="1.0" encoding="UTF-8"?>
<!-- Generated by org.testng.reporters.JUnitXMLReporter -->
<testsuite ignored="16" hostname="LAPTOP-35VQA4UQ" failures="0" tests="5" name="Test" time="4.212" errors="0" timestamp="2022-11-04T12:30:06 IST">
  <testcase classname="crudOperations.GetAllOrders" name="getMethod" time="3.252"/>
  <testcase classname="crudOperations.GetOrderById" name="getMethod" time="0.05"/>
  <testcase classname="crudOperations.PostMethod" name="postMethod" time="0.654"/>
  <testcase classname="crudOperations.DeleteOrder" name="deleteOrder" time="0.091"/>
  <testcase classname="crudOperations.PutMethod" name="putMethod" time="0.064"/>
  <testcase classname="com.crm.generic.utility.BaseClass" name="@AfterTest configureAT" time="0.0">
    <ignored/>
  </testcase> <!-- @AfterTest configureAT -->
  <testcase classname="com.crm.generic.utility.BaseClass" name="@AfterTest configureAT" time="0.0">
    <ignored/>
  </testcase> <!-- @AfterTest configureAT -->
  <testcase classname="com.crm.generic.utility.BaseClass" name="@AfterTest configureAT" time="0.0">
    <ignored/>
  </testcase> <!-- @AfterTest configureAT -->
  <testcase classname="com.crm.generic.utility.BaseClass" name="@AfterTest configureAT" time="0.0">
    <ignored/>
  </testcase> <!-- @AfterTest configureAT -->
  <testcase classname="com.crm.generic.utility.BaseClass" name="@BeforeSuite configureBS" time="0.0">
    <ignored/>
  </testcase> <!-- @BeforeSuite configureBS -->
  <testcase classname="com.crm.generic.utility.BaseClass" name="@BeforeSuite configureBS" time="0.0">
    <ignored/>
  </testcase> <!-- @BeforeSuite configureBS -->
  <testcase classname="com.crm.generic.utility.BaseClass" name="@BeforeSuite configureBS" time="0.0">
    <ignored/>
  </testcase> <!-- @BeforeSuite configureBS -->
  <testcase classname="com.crm.generic.utility.BaseClass" name="@BeforeSuite configureBS" time="0.0">
    <ignored/>
  </testcase> <!-- @BeforeSuite configureBS -->
  <testcase classname="com.crm.generic.utility.BaseClass" name="@BeforeTest configureBT" time="0.0">
    <ignored/>
  </testcase> <!-- @BeforeTest configureBT -->
  <testcase classname="com.crm.generic.utility.BaseClass" name="@BeforeTest configureBT" time="0.0">
    <ignored/>
  </testcase> <!-- @BeforeTest configureBT -->
  <testcase classname="com.crm.generic.utility.BaseClass" name="@BeforeTest configureBT" time="0.0">
    <ignored/>
  </testcase> <!-- @BeforeTest configureBT -->
  <testcase classname="com.crm.generic.utility.BaseClass" name="@BeforeTest configureBT" time="0.0">
    <ignored/>
  </testcase> <!-- @BeforeTest configureBT -->
  <testcase classname="com.crm.generic.utility.BaseClass" name="@AfterSuite configureAS" time="0.0">
    <ignored/>
  </testcase> <!-- @AfterSuite configureAS -->
  <testcase classname="com.crm.generic.utility.BaseClass" name="@AfterSuite configureAS" time="0.0">
    <ignored/>
  </testcase> <!-- @AfterSuite configureAS -->
  <testcase classname="com.crm.generic.utility.BaseClass" name="@AfterSuite configureAS" time="0.0">
    <ignored/>
  </testcase> <!-- @AfterSuite configureAS -->
  <testcase classname="com.crm.generic.utility.BaseClass" name="@AfterSuite configureAS" time="0.0">
    <ignored/>
  </testcase> <!-- @AfterSuite configureAS -->
</testsuite> <!-- Test -->
